<?xml version="1.0" encoding="UTF-8"?>
<robot generator="Robot 3.1.2 (Python 3.7.3 on linux)" generated="20190617 16:39:58.658" rpa="false">
<suite id="s1" name="AderirUC" source="/home/pedro/Documentos/Robot/robotframework/first-step-robotframework/aplicacao/AderirUC.robot">
<kw name="Open Login Acesso Monitora" type="setup">
<arguments>
<arg>699.743.491-68</arg>
<arg>qaz123</arg>
</arguments>
<kw name="Open Browser" library="SeleniumLibrary">
<doc>Opens a new browser instance to the given ``url``.</doc>
<arguments>
<arg>http://dev.monitora.sisicmbio.icmbio.gov.br/</arg>
<arg>chrome</arg>
</arguments>
<msg timestamp="20190617 16:39:58.809" level="INFO">Opening browser 'chrome' to base url 'http://dev.monitora.sisicmbio.icmbio.gov.br/'.</msg>
<status status="PASS" starttime="20190617 16:39:58.809" endtime="20190617 16:40:02.373"></status>
</kw>
<kw name="Wait Until Page Contains" library="SeleniumLibrary">
<doc>Waits until ``text`` appears on current page.</doc>
<arguments>
<arg>Login</arg>
</arguments>
<status status="PASS" starttime="20190617 16:40:02.374" endtime="20190617 16:40:02.411"></status>
</kw>
<kw name="Input Text" library="SeleniumLibrary">
<doc>Types the given ``text`` into text field identified by ``locator``.</doc>
<arguments>
<arg>id:nuLogin</arg>
<arg>${cpf}</arg>
</arguments>
<msg timestamp="20190617 16:40:02.412" level="INFO">Typing text '699.743.491-68' into text field 'id:nuLogin'.</msg>
<status status="PASS" starttime="20190617 16:40:02.412" endtime="20190617 16:40:02.822"></status>
</kw>
<kw name="Input Text" library="SeleniumLibrary">
<doc>Types the given ``text`` into text field identified by ``locator``.</doc>
<arguments>
<arg>id:senha</arg>
<arg>${password}</arg>
</arguments>
<msg timestamp="20190617 16:40:02.822" level="INFO">Typing text 'qaz123' into text field 'id:senha'.</msg>
<status status="PASS" starttime="20190617 16:40:02.822" endtime="20190617 16:40:03.012"></status>
</kw>
<kw name="Click Button" library="SeleniumLibrary">
<doc>Clicks button identified by ``locator``.</doc>
<arguments>
<arg>class:btn-primary</arg>
</arguments>
<msg timestamp="20190617 16:40:03.014" level="INFO">Clicking button 'class:btn-primary'.</msg>
<status status="PASS" starttime="20190617 16:40:03.013" endtime="20190617 16:40:04.300"></status>
</kw>
<kw name="Wait Until Page Contains" library="SeleniumLibrary">
<doc>Waits until ``text`` appears on current page.</doc>
<arguments>
<arg>Bem-vindo aos Sistemas</arg>
</arguments>
<status status="PASS" starttime="20190617 16:40:04.300" endtime="20190617 16:40:04.346"></status>
</kw>
<kw name="Click Button" library="SeleniumLibrary">
<doc>Clicks button identified by ``locator``.</doc>
<arguments>
<arg>xPath:/html/body/div[2]/div[2]/div/div[2]/div[6]/div/button</arg>
</arguments>
<msg timestamp="20190617 16:40:04.346" level="INFO">Clicking button 'xPath:/html/body/div[2]/div[2]/div/div[2]/div[6]/div/button'.</msg>
<status status="PASS" starttime="20190617 16:40:04.346" endtime="20190617 16:40:04.642"></status>
</kw>
<kw name="Wait Until Page Contains" library="SeleniumLibrary">
<doc>Waits until ``text`` appears on current page.</doc>
<arguments>
<arg>Unidade Organizacional</arg>
</arguments>
<status status="PASS" starttime="20190617 16:40:04.642" endtime="20190617 16:40:04.699"></status>
</kw>
<kw name="Set Selenium Implicit Wait" library="SeleniumLibrary">
<doc>Sets the implicit wait value used by Selenium.</doc>
<arguments>
<arg>5 seconds</arg>
</arguments>
<status status="PASS" starttime="20190617 16:40:04.701" endtime="20190617 16:40:04.703"></status>
</kw>
<kw name="Select From List By Label" library="SeleniumLibrary">
<doc>Selects options from selection list ``locator`` by ``labels``.</doc>
<arguments>
<arg>id:usersList</arg>
<arg>COTEC - Coordenação de Tecnologia da Informação</arg>
</arguments>
<msg timestamp="20190617 16:40:04.704" level="INFO">Selecting options from selection list 'id:usersList' by label COTEC - Coordenação de Tecnologia da Informação.</msg>
<status status="PASS" starttime="20190617 16:40:04.703" endtime="20190617 16:40:05.134"></status>
</kw>
<kw name="Select From List By Label" library="SeleniumLibrary">
<doc>Selects options from selection list ``locator`` by ``labels``.</doc>
<arguments>
<arg>id:feijoadaProfile</arg>
<arg>Gestor</arg>
</arguments>
<msg timestamp="20190617 16:40:05.134" level="INFO">Selecting options from selection list 'id:feijoadaProfile' by label Gestor.</msg>
<status status="PASS" starttime="20190617 16:40:05.134" endtime="20190617 16:40:05.326"></status>
</kw>
<kw name="Click Button" library="SeleniumLibrary">
<doc>Clicks button identified by ``locator``.</doc>
<arguments>
<arg>id:btn-access</arg>
</arguments>
<msg timestamp="20190617 16:40:05.326" level="INFO">Clicking button 'id:btn-access'.</msg>
<status status="PASS" starttime="20190617 16:40:05.326" endtime="20190617 16:40:05.448"></status>
</kw>
<kw name="Wait Until Page Contains" library="SeleniumLibrary">
<doc>Waits until ``text`` appears on current page.</doc>
<arguments>
<arg>Autenticação Realizada com sucesso</arg>
</arguments>
<status status="PASS" starttime="20190617 16:40:05.449" endtime="20190617 16:40:07.229"></status>
</kw>
<status status="PASS" starttime="20190617 16:39:58.807" endtime="20190617 16:40:07.231"></status>
</kw>
<test id="s1-t1" name="Aderir Nova UC">
<kw name="Acesso UC List">
<kw name="Click Element" library="SeleniumLibrary">
<doc>Click element identified by ``locator``.</doc>
<arguments>
<arg>xPath://*[@id="navbarSupportedContent"]/ul/li[2]/a</arg>
</arguments>
<msg timestamp="20190617 16:40:07.233" level="INFO">Clicking element 'xPath://*[@id="navbarSupportedContent"]/ul/li[2]/a'.</msg>
<status status="PASS" starttime="20190617 16:40:07.233" endtime="20190617 16:40:07.931"></status>
</kw>
<kw name="Wait Until Page Contains" library="SeleniumLibrary">
<doc>Waits until ``text`` appears on current page.</doc>
<arguments>
<arg>Unidades de Conservação do Programa Monitora</arg>
</arguments>
<status status="PASS" starttime="20190617 16:40:07.932" endtime="20190617 16:40:07.960"></status>
</kw>
<status status="PASS" starttime="20190617 16:40:07.233" endtime="20190617 16:40:07.960"></status>
</kw>
<kw name="Aderir Nova UC">
<arguments>
<arg>Floresta Nacional Tefé</arg>
<arg>Plantas - Mata Atlântica e Amazônia</arg>
<arg>Implementação</arg>
</arguments>
<kw name="Click Element" library="SeleniumLibrary">
<doc>Click element identified by ``locator``.</doc>
<arguments>
<arg>xPath:/html/body/div[1]/article/section/div/div/div/div[1]/div/a</arg>
</arguments>
<msg timestamp="20190617 16:40:07.960" level="INFO">Clicking element 'xPath:/html/body/div[1]/article/section/div/div/div/div[1]/div/a'.</msg>
<status status="PASS" starttime="20190617 16:40:07.960" endtime="20190617 16:40:08.665"></status>
</kw>
<kw name="Wait Until Page Contains" library="SeleniumLibrary">
<doc>Waits until ``text`` appears on current page.</doc>
<arguments>
<arg>Unidade de Conservação do Programa Monitora</arg>
</arguments>
<status status="PASS" starttime="20190617 16:40:08.665" endtime="20190617 16:40:08.696"></status>
</kw>
<kw name="Set Selenium Implicit Wait" library="SeleniumLibrary">
<doc>Sets the implicit wait value used by Selenium.</doc>
<arguments>
<arg>5 seconds</arg>
</arguments>
<status status="PASS" starttime="20190617 16:40:08.696" endtime="20190617 16:40:08.697"></status>
</kw>
<kw name="Click Element" library="SeleniumLibrary">
<doc>Click element identified by ``locator``.</doc>
<arguments>
<arg>class:select2-selection</arg>
</arguments>
<msg timestamp="20190617 16:40:08.698" level="INFO">Clicking element 'class:select2-selection'.</msg>
<status status="PASS" starttime="20190617 16:40:08.697" endtime="20190617 16:40:08.821"></status>
</kw>
<kw name="Set Selenium Implicit Wait" library="SeleniumLibrary">
<doc>Sets the implicit wait value used by Selenium.</doc>
<arguments>
<arg>5 seconds</arg>
</arguments>
<status status="PASS" starttime="20190617 16:40:08.822" endtime="20190617 16:40:08.823"></status>
</kw>
<kw name="Input Text" library="SeleniumLibrary">
<doc>Types the given ``text`` into text field identified by ``locator``.</doc>
<arguments>
<arg>xPath:/html/body/span/span/span[1]/input</arg>
<arg>${uc}</arg>
</arguments>
<msg timestamp="20190617 16:40:08.824" level="INFO">Typing text 'Floresta Nacional Tefé' into text field 'xPath:/html/body/span/span/span[1]/input'.</msg>
<status status="PASS" starttime="20190617 16:40:08.823" endtime="20190617 16:40:09.552"></status>
</kw>
<kw name="Wait Until Page Contains" library="SeleniumLibrary">
<doc>Waits until ``text`` appears on current page.</doc>
<arguments>
<arg>${uc}</arg>
</arguments>
<status status="PASS" starttime="20190617 16:40:09.553" endtime="20190617 16:40:13.133"></status>
</kw>
<kw name="Click Element" library="SeleniumLibrary">
<doc>Click element identified by ``locator``.</doc>
<arguments>
<arg>//*[@id="select2-id_uc-results"]/li[1]</arg>
</arguments>
<msg timestamp="20190617 16:40:13.134" level="INFO">Clicking element '//*[@id="select2-id_uc-results"]/li[1]'.</msg>
<status status="PASS" starttime="20190617 16:40:13.133" endtime="20190617 16:40:13.260"></status>
</kw>
<kw name="Input Text" library="SeleniumLibrary">
<doc>Types the given ``text`` into text field identified by ``locator``.</doc>
<arguments>
<arg>//*[@id="id-form"]/div/div[2]/div[2]/div[2]/span/span[1]/span/ul/li/input</arg>
<arg>${protocolo}</arg>
</arguments>
<msg timestamp="20190617 16:40:13.260" level="INFO">Typing text 'Plantas - Mata Atlântica e Amazônia' into text field '//*[@id="id-form"]/div/div[2]/div[2]/div[2]/span/span[1]/span/ul/li/input'.</msg>
<status status="PASS" starttime="20190617 16:40:13.260" endtime="20190617 16:40:14.476"></status>
</kw>
<kw name="Wait Until Page Contains" library="SeleniumLibrary">
<doc>Waits until ``text`` appears on current page.</doc>
<arguments>
<arg>${protocolo}</arg>
</arguments>
<status status="PASS" starttime="20190617 16:40:14.476" endtime="20190617 16:40:17.178"></status>
</kw>
<kw name="Click Element" library="SeleniumLibrary">
<doc>Click element identified by ``locator``.</doc>
<arguments>
<arg>//*[@id="select2-id_protocolos-results"]/li[1]</arg>
</arguments>
<msg timestamp="20190617 16:40:17.179" level="INFO">Clicking element '//*[@id="select2-id_protocolos-results"]/li[1]'.</msg>
<status status="PASS" starttime="20190617 16:40:17.179" endtime="20190617 16:40:17.278"></status>
</kw>
<kw name="Select From List By Label" library="SeleniumLibrary">
<doc>Selects options from selection list ``locator`` by ``labels``.</doc>
<arguments>
<arg>name:situacao</arg>
<arg>${situacao}</arg>
</arguments>
<msg timestamp="20190617 16:40:17.279" level="INFO">Selecting options from selection list 'name:situacao' by label Implementação.</msg>
<status status="PASS" starttime="20190617 16:40:17.278" endtime="20190617 16:40:17.407"></status>
</kw>
<kw name="Click Button" library="SeleniumLibrary">
<doc>Clicks button identified by ``locator``.</doc>
<arguments>
<arg>//*[@id="id-form"]/div/div[3]/div/button[2]</arg>
</arguments>
<msg timestamp="20190617 16:40:17.411" level="INFO">Clicking button '//*[@id="id-form"]/div/div[3]/div/button[2]'.</msg>
<status status="PASS" starttime="20190617 16:40:17.409" endtime="20190617 16:40:18.438"></status>
</kw>
<kw name="Wait Until Page Contains" library="SeleniumLibrary">
<doc>Waits until ``text`` appears on current page.</doc>
<arguments>
<arg>Dados salvos com sucesso!</arg>
</arguments>
<status status="PASS" starttime="20190617 16:40:18.439" endtime="20190617 16:40:18.477"></status>
</kw>
<status status="PASS" starttime="20190617 16:40:07.960" endtime="20190617 16:40:18.477"></status>
</kw>
<kw name="Acesso UC List">
<kw name="Click Element" library="SeleniumLibrary">
<doc>Click element identified by ``locator``.</doc>
<arguments>
<arg>xPath://*[@id="navbarSupportedContent"]/ul/li[2]/a</arg>
</arguments>
<msg timestamp="20190617 16:40:18.477" level="INFO">Clicking element 'xPath://*[@id="navbarSupportedContent"]/ul/li[2]/a'.</msg>
<status status="PASS" starttime="20190617 16:40:18.477" endtime="20190617 16:40:18.988"></status>
</kw>
<kw name="Wait Until Page Contains" library="SeleniumLibrary">
<doc>Waits until ``text`` appears on current page.</doc>
<arguments>
<arg>Unidades de Conservação do Programa Monitora</arg>
</arguments>
<status status="PASS" starttime="20190617 16:40:18.989" endtime="20190617 16:40:19.017"></status>
</kw>
<status status="PASS" starttime="20190617 16:40:18.477" endtime="20190617 16:40:19.017"></status>
</kw>
<status status="PASS" starttime="20190617 16:40:07.231" endtime="20190617 16:40:19.017" critical="yes"></status>
</test>
<kw name="Deletar UC Teste" type="teardown">
<kw name="Click Button" library="SeleniumLibrary">
<doc>Clicks button identified by ``locator``.</doc>
<arguments>
<arg>xPath:/html/body/div[1]/article/section/div/div/div/div[2]/div/table/tbody/tr[2]/td[9]/button</arg>
</arguments>
<msg timestamp="20190617 16:40:19.020" level="INFO">Clicking button 'xPath:/html/body/div[1]/article/section/div/div/div/div[2]/div/table/tbody/tr[2]/td[9]/button'.</msg>
<status status="PASS" starttime="20190617 16:40:19.019" endtime="20190617 16:40:19.161"></status>
</kw>
<kw name="Wait Until Page Contains" library="SeleniumLibrary">
<doc>Waits until ``text`` appears on current page.</doc>
<arguments>
<arg>Deseja deletar este item?</arg>
</arguments>
<status status="PASS" starttime="20190617 16:40:19.163" endtime="20190617 16:40:19.200"></status>
</kw>
<kw name="Click Element" library="SeleniumLibrary">
<doc>Click element identified by ``locator``.</doc>
<arguments>
<arg>id:delete-button</arg>
</arguments>
<msg timestamp="20190617 16:40:19.202" level="INFO">Clicking element 'id:delete-button'.</msg>
<status status="PASS" starttime="20190617 16:40:19.200" endtime="20190617 16:40:20.273"></status>
</kw>
<kw name="Wait Until Page Contains" library="SeleniumLibrary">
<doc>Waits until ``text`` appears on current page.</doc>
<arguments>
<arg>Deletado com sucesso</arg>
</arguments>
<status status="PASS" starttime="20190617 16:40:20.273" endtime="20190617 16:40:20.299"></status>
</kw>
<kw name="Close Browser" library="SeleniumLibrary">
<doc>Closes the current browser.</doc>
<status status="PASS" starttime="20190617 16:40:20.299" endtime="20190617 16:40:20.370"></status>
</kw>
<status status="PASS" starttime="20190617 16:40:19.019" endtime="20190617 16:40:20.370"></status>
</kw>
<doc>Log in App monitora</doc>
<status status="PASS" starttime="20190617 16:39:58.660" endtime="20190617 16:40:20.370"></status>
</suite>
<statistics>
<total>
<stat pass="1" fail="0">Critical Tests</stat>
<stat pass="1" fail="0">All Tests</stat>
</total>
<tag>
</tag>
<suite>
<stat pass="1" fail="0" id="s1" name="AderirUC">AderirUC</stat>
</suite>
</statistics>
<errors>
</errors>
</robot>
